{"/home/laptop/Project/holomap/server/controllers/indexController.js": {"path":"/home/laptop/Project/holomap/server/controllers/indexController.js","statementMap":{"0":{"start":{"line":1,"column":30},"end":{"line":1,"column":59}},"1":{"start":{"line":5,"column":22},"end":{"line":5,"column":57}},"2":{"start":{"line":6,"column":17},"end":{"line":6,"column":47}},"3":{"start":{"line":7,"column":33},"end":{"line":7,"column":65}},"4":{"start":{"line":9,"column":4},"end":{"line":12,"column":7}},"5":{"start":{"line":15,"column":2},"end":{"line":15,"column":19}},"6":{"start":{"line":18,"column":0},"end":{"line":18,"column":33}}},"fnMap":{"0":{"name":"IndexController","decl":{"start":{"line":3,"column":9},"end":{"line":3,"column":24}},"loc":{"start":{"line":3,"column":29},"end":{"line":16,"column":1}},"line":3},"1":{"name":"index","decl":{"start":{"line":4,"column":17},"end":{"line":4,"column":22}},"loc":{"start":{"line":4,"column":33},"end":{"line":13,"column":3}},"line":4}},"branchMap":{},"s":{"0":1,"1":0,"2":0,"3":0,"4":0,"5":1,"6":1},"f":{"0":1,"1":0},"b":{},"_coverageSchema":"1a1c01bbd47fc00a2c39e90264f33305004495a9","hash":"086918e0c5edeb2eb4e898a8a0b46a99fd79d4ac"}
,"/home/laptop/Project/holomap/server/utils/locations.js": {"path":"/home/laptop/Project/holomap/server/utils/locations.js","statementMap":{"0":{"start":{"line":2,"column":2},"end":{"line":2,"column":53}},"1":{"start":{"line":2,"column":34},"end":{"line":2,"column":51}},"2":{"start":{"line":6,"column":2},"end":{"line":11,"column":4}},"3":{"start":{"line":14,"column":0},"end":{"line":16,"column":2}}},"fnMap":{"0":{"name":"transformCoordinates","decl":{"start":{"line":1,"column":9},"end":{"line":1,"column":29}},"loc":{"start":{"line":1,"column":43},"end":{"line":3,"column":1}},"line":1},"1":{"name":"(anonymous_1)","decl":{"start":{"line":2,"column":25},"end":{"line":2,"column":26}},"loc":{"start":{"line":2,"column":34},"end":{"line":2,"column":51}},"line":2},"2":{"name":"transformLocation","decl":{"start":{"line":5,"column":9},"end":{"line":5,"column":26}},"loc":{"start":{"line":5,"column":37},"end":{"line":12,"column":1}},"line":5}},"branchMap":{},"s":{"0":0,"1":0,"2":0,"3":1},"f":{"0":0,"1":0,"2":0},"b":{},"_coverageSchema":"1a1c01bbd47fc00a2c39e90264f33305004495a9","hash":"de9d4a8b0b0f71ed0490126c4d143322a3e899e3"}
}
